Using pre-set license
Built from '2020.2/release' branch; Version is '2020.2.4f1 (becced5a802b) revision 12504301'; Using compiler version '192528614'; Build Type 'Release'
OS: 'Windows 10 Enterprise; OS build 19043.1586; Version 2009; 64bit' Language: 'ca' Physical Memory: 8061 MB
BatchMode: 1, IsHumanControllingUs: 0, StartBugReporterOnCrash: 0, Is64bit: 1, IsPro: 0

 COMMAND LINE ARGUMENTS:
C:\Program Files\Unity\Hub\Editor\2020.2.4f1\Editor\Unity.exe
-adb2
-batchMode
-noUpm
-name
AssetImportWorker0
-projectPath
C:/Users/u161595/Documents/GitHub/ISGroup01_2021-22/P1/P1
-logFile
Logs/AssetImportWorker0.log
-srvPort
55471
Successfully changed project path to: C:/Users/u161595/Documents/GitHub/ISGroup01_2021-22/P1/P1
C:/Users/u161595/Documents/GitHub/ISGroup01_2021-22/P1/P1
Using Asset Import Pipeline V2.
Refreshing native plugins compatible for Editor in 43.63 ms, found 0 plugins.
Preloading 0 native plugins for Editor in 0.00 ms.
Initialize engine version: 2020.2.4f1 (becced5a802b)
[Subsystems] Discovering subsystems at path C:/Program Files/Unity/Hub/Editor/2020.2.4f1/Editor/Data/Resources/UnitySubsystems
[Subsystems] Discovering subsystems at path C:/Users/u161595/Documents/GitHub/ISGroup01_2021-22/P1/P1/Assets
GfxDevice: creating device client; threaded=0
Direct3D:
    Version:  Direct3D 11.0 [level 10.0]
    Renderer: NVIDIA GeForce 8500 GT (ID=0x421)
    Vendor:   
    VRAM:     482 MB
    Driver:   21.21.13.4201
Initialize mono
Mono path[0] = 'C:/Program Files/Unity/Hub/Editor/2020.2.4f1/Editor/Data/Managed'
Mono path[1] = 'C:/Program Files/Unity/Hub/Editor/2020.2.4f1/Editor/Data/MonoBleedingEdge/lib/mono/unityjit'
Mono config path = 'C:/Program Files/Unity/Hub/Editor/2020.2.4f1/Editor/Data/MonoBleedingEdge/etc'
Using monoOptions --debugger-agent=transport=dt_socket,embedding=1,server=y,suspend=n,address=127.0.0.1:56500
Begin MonoManager ReloadAssembly
Registering precompiled unity dll's ...
Register platform support module: C:/Program Files/Unity/Hub/Editor/2020.2.4f1/Editor/Data/PlaybackEngines/WindowsStandaloneSupport/UnityEditor.WindowsStandalone.Extensions.dll
Registered in 0.004516 seconds.
Native extension for WindowsStandalone target not found
Refreshing native plugins compatible for Editor in 45.66 ms, found 0 plugins.
Preloading 0 native plugins for Editor in 0.00 ms.
Invoked RoslynAnalysisRunner static constructor.
RoslynAnalysisRunner will not be running.
RoslynAnalysisRunner has terminated.
Mono: successfully reloaded assembly
- Completed reload, in  2.042 seconds
Platform modules already initialized, skipping
Registering precompiled user dll's ...
Registered in 0.001484 seconds.
Begin MonoManager ReloadAssembly
Native extension for WindowsStandalone target not found
Refreshing native plugins compatible for Editor in 0.36 ms, found 0 plugins.
Preloading 0 native plugins for Editor in 0.00 ms.
Invoked RoslynAnalysisRunner static constructor.
RoslynAnalysisRunner will not be running.
RoslynAnalysisRunner has terminated.
Mono: successfully reloaded assembly
- Completed reload, in  1.559 seconds
Platform modules already initialized, skipping
========================================================================
Worker process is ready to serve import requests
Launched and connected shader compiler UnityShaderCompiler.exe after 0.06 seconds
Refreshing native plugins compatible for Editor in 0.36 ms, found 0 plugins.
Preloading 0 native plugins for Editor in 0.00 ms.
Unloading 1104 Unused Serialized files (Serialized files now loaded: 0)
System memory in use before: 56.7 MB.
System memory in use after: 56.7 MB.

Unloading 10 unused Assets to reduce memory usage. Loaded Objects now: 1544.
Total: 3.775000 ms (FindLiveObjects: 0.289800 ms CreateObjectMapping: 0.070700 ms MarkObjects: 3.279100 ms  DeleteObjects: 0.133800 ms)

========================================================================
Received Import Request.
  path: Assets/Scenes
  artifactKey: Guid(cf17d0e860eb8b54ca06b4c7e03ff164) Importer(815301076,1909f56bfc062723c751e8b465ee728b)
Start importing Assets/Scenes using Guid(cf17d0e860eb8b54ca06b4c7e03ff164) Importer(815301076,1909f56bfc062723c751e8b465ee728b)  -> (artifact id: 'd680d19d96e04a0bdde19a30671c383f') in 0.039794 seconds
  Import took 0.043145 seconds .

========================================================================
Received Import Request.
  Time since last request: 0.254930 seconds.
  path: Packages/com.unity.ext.nunit
  artifactKey: Guid(25a477c2f24db8778a4179421a32cc21) Importer(815301076,1909f56bfc062723c751e8b465ee728b)
Start importing Packages/com.unity.ext.nunit using Guid(25a477c2f24db8778a4179421a32cc21) Importer(815301076,1909f56bfc062723c751e8b465ee728b)  -> (artifact id: '144e6187aee63fe2f685ec8e314026b0') in 0.082516 seconds
  Import took 0.200881 seconds .

========================================================================
Received Import Request.
  Time since last request: 0.000264 seconds.
  path: Packages/com.unity.ext.nunit/package.json
  artifactKey: Guid(8143d3a8390f2c64685e3bc272bd9e90) Importer(815301076,1909f56bfc062723c751e8b465ee728b)
Start importing Packages/com.unity.ext.nunit/package.json using Guid(8143d3a8390f2c64685e3bc272bd9e90) Importer(815301076,1909f56bfc062723c751e8b465ee728b)  -> (artifact id: '36ff72030f92fb36161743879e30401d') in 0.083416 seconds
  Import took 0.086023 seconds .

========================================================================
Received Import Request.
  Time since last request: 1.375286 seconds.
  path: Packages/com.unity.ide.rider
  artifactKey: Guid(ea5aa18a49e4f29d74984ea0ea11a238) Importer(815301076,1909f56bfc062723c751e8b465ee728b)
Start importing Packages/com.unity.ide.rider using Guid(ea5aa18a49e4f29d74984ea0ea11a238) Importer(815301076,1909f56bfc062723c751e8b465ee728b)  -> (artifact id: 'b99bcfc5b8d4d1552a0583fe812e9ade') in 0.011919 seconds
  Import took 0.024241 seconds .

========================================================================
Received Import Request.
  Time since last request: 0.045240 seconds.
  path: Packages/com.unity.ide.rider/package.json
  artifactKey: Guid(66c95bb3c74257f41bae2622511dc02d) Importer(815301076,1909f56bfc062723c751e8b465ee728b)
Start importing Packages/com.unity.ide.rider/package.json using Guid(66c95bb3c74257f41bae2622511dc02d) Importer(815301076,1909f56bfc062723c751e8b465ee728b)  -> (artifact id: '914b83ee0ae026f2f9aa118cc6c84c13') in 0.003950 seconds
  Import took 0.007148 seconds .

========================================================================
Received Import Request.
  Time since last request: 1.488149 seconds.
  path: Packages/com.unity.test-framework
  artifactKey: Guid(6023f2b823fc19b4e4a90875281ff117) Importer(815301076,1909f56bfc062723c751e8b465ee728b)
Start importing Packages/com.unity.test-framework using Guid(6023f2b823fc19b4e4a90875281ff117) Importer(815301076,1909f56bfc062723c751e8b465ee728b)  -> (artifact id: '65b12c667eef63a2d2c64c12cfd61b67') in 0.015321 seconds
  Import took 0.020368 seconds .

========================================================================
Received Import Request.
  Time since last request: 0.051889 seconds.
  path: Packages/com.unity.test-framework/package.json
  artifactKey: Guid(d6a2e6e4803de7b43baacdc355fc144d) Importer(815301076,1909f56bfc062723c751e8b465ee728b)
Start importing Packages/com.unity.test-framework/package.json using Guid(d6a2e6e4803de7b43baacdc355fc144d) Importer(815301076,1909f56bfc062723c751e8b465ee728b)  -> (artifact id: 'b5073baafee23ff3ef12c1b94c212dba') in 0.004658 seconds
  Import took 0.007671 seconds .

========================================================================
Received Import Request.
  Time since last request: 1.623039 seconds.
  path: Packages/com.unity.textmeshpro
  artifactKey: Guid(cabaa672b0e3ee91fa7b6da4daab7970) Importer(815301076,1909f56bfc062723c751e8b465ee728b)
Start importing Packages/com.unity.textmeshpro using Guid(cabaa672b0e3ee91fa7b6da4daab7970) Importer(815301076,1909f56bfc062723c751e8b465ee728b)  -> (artifact id: '7f3f9b65c3f2cb0b4edd18133e56e780') in 0.015515 seconds
  Import took 0.020748 seconds .

========================================================================
Received Import Request.
  Time since last request: 0.366590 seconds.
  path: Packages/com.unity.timeline
  artifactKey: Guid(a4610cf559d77b9f256416d9ccaeac55) Importer(815301076,1909f56bfc062723c751e8b465ee728b)
Start importing Packages/com.unity.timeline using Guid(a4610cf559d77b9f256416d9ccaeac55) Importer(815301076,1909f56bfc062723c751e8b465ee728b)  -> (artifact id: 'edc3ccee495825833c2ae0a45ce36de5') in 0.004895 seconds
  Import took 0.015478 seconds .

========================================================================
Received Import Request.
  Time since last request: 0.249844 seconds.
  path: Packages/com.unity.collab-proxy
  artifactKey: Guid(1adad61bfb44214ee3e887b5febc4396) Importer(815301076,1909f56bfc062723c751e8b465ee728b)
Start importing Packages/com.unity.collab-proxy using Guid(1adad61bfb44214ee3e887b5febc4396) Importer(815301076,1909f56bfc062723c751e8b465ee728b)  -> (artifact id: '96a67767621b941c4665f4440df0c162') in 0.007108 seconds
  Import took 0.014089 seconds .

========================================================================
Received Import Request.
  Time since last request: 0.952037 seconds.
  path: Packages/com.unity.collab-proxy/package.json
  artifactKey: Guid(743fda8c4b219c8429fb5a77ede1c879) Importer(815301076,1909f56bfc062723c751e8b465ee728b)
Start importing Packages/com.unity.collab-proxy/package.json using Guid(743fda8c4b219c8429fb5a77ede1c879) Importer(815301076,1909f56bfc062723c751e8b465ee728b)  -> (artifact id: '1471246022e10992c961641c61d2e7d8') in 0.003889 seconds
  Import took 0.007122 seconds .

========================================================================
Received Import Request.
  Time since last request: 1.804843 seconds.
  path: Packages/com.unity.ugui
  artifactKey: Guid(8f7652e09069a1943278893d4264401e) Importer(815301076,1909f56bfc062723c751e8b465ee728b)
Start importing Packages/com.unity.ugui using Guid(8f7652e09069a1943278893d4264401e) Importer(815301076,1909f56bfc062723c751e8b465ee728b)  -> (artifact id: '0cf3d997cef7acbeb2d55dee40002240') in 0.018150 seconds
  Import took 0.027388 seconds .

========================================================================
Received Import Request.
  Time since last request: 0.049749 seconds.
  path: Packages/com.unity.ugui/package.json
  artifactKey: Guid(319b8889f363f5947acf209c17a94149) Importer(815301076,1909f56bfc062723c751e8b465ee728b)
Start importing Packages/com.unity.ugui/package.json using Guid(319b8889f363f5947acf209c17a94149) Importer(815301076,1909f56bfc062723c751e8b465ee728b)  -> (artifact id: 'db59e614fde93f2c3e93ac245f746ebb') in 0.003947 seconds
  Import took 0.007175 seconds .

========================================================================
Received Import Request.
  Time since last request: 1.818915 seconds.
  path: Packages/com.unity.ide.vscode
  artifactKey: Guid(1c61a04a5b7737c4d16673d64be4194e) Importer(815301076,1909f56bfc062723c751e8b465ee728b)
Start importing Packages/com.unity.ide.vscode using Guid(1c61a04a5b7737c4d16673d64be4194e) Importer(815301076,1909f56bfc062723c751e8b465ee728b)  -> (artifact id: 'e53a774b851a28b4531bbca1a6bf0b6c') in 0.011806 seconds
  Import took 0.019292 seconds .

========================================================================
Received Import Request.
  Time since last request: 0.053156 seconds.
  path: Packages/com.unity.ide.vscode/package.json
  artifactKey: Guid(ffc6271f08270b64ca0aae9c49235d81) Importer(815301076,1909f56bfc062723c751e8b465ee728b)
Start importing Packages/com.unity.ide.vscode/package.json using Guid(ffc6271f08270b64ca0aae9c49235d81) Importer(815301076,1909f56bfc062723c751e8b465ee728b)  -> (artifact id: '9a1dfc273f56c072093a4a4dbc3f5f0d') in 0.003949 seconds
  Import took 0.007091 seconds .

AssetImportWorkerClient::OnTransportError - code=2 error=End of file
