Using pre-set license
Built from '2020.2/release' branch; Version is '2020.2.4f1 (becced5a802b) revision 12504301'; Using compiler version '192528614'; Build Type 'Release'
OS: 'Windows 10 Home; OS build 19043.1586; Version 2009; 64bit' Language: 'es' Physical Memory: 7986 MB
BatchMode: 1, IsHumanControllingUs: 0, StartBugReporterOnCrash: 0, Is64bit: 1, IsPro: 0

 COMMAND LINE ARGUMENTS:
C:\Program Files\Unity\Hub\Editor\2020.2.4f1\Editor\Unity.exe
-adb2
-batchMode
-noUpm
-name
AssetImportWorker0
-projectPath
C:/Users/andre/OneDrive/Documentos/temporal/ISGroup01_2021-22/P1/P1
-logFile
Logs/AssetImportWorker0.log
-srvPort
57529
Successfully changed project path to: C:/Users/andre/OneDrive/Documentos/temporal/ISGroup01_2021-22/P1/P1
C:/Users/andre/OneDrive/Documentos/temporal/ISGroup01_2021-22/P1/P1
Using Asset Import Pipeline V2.
Refreshing native plugins compatible for Editor in 38.17 ms, found 0 plugins.
Preloading 0 native plugins for Editor in 0.00 ms.
Initialize engine version: 2020.2.4f1 (becced5a802b)
[Subsystems] Discovering subsystems at path C:/Program Files/Unity/Hub/Editor/2020.2.4f1/Editor/Data/Resources/UnitySubsystems
[Subsystems] Discovering subsystems at path C:/Users/andre/OneDrive/Documentos/temporal/ISGroup01_2021-22/P1/P1/Assets
GfxDevice: creating device client; threaded=0
Direct3D:
    Version:  Direct3D 11.0 [level 11.0]
    Renderer: NVIDIA GeForce GTX 950M (ID=0x139a)
    Vendor:   
    VRAM:     4064 MB
    Driver:   21.21.13.7654
Initialize mono
Mono path[0] = 'C:/Program Files/Unity/Hub/Editor/2020.2.4f1/Editor/Data/Managed'
Mono path[1] = 'C:/Program Files/Unity/Hub/Editor/2020.2.4f1/Editor/Data/MonoBleedingEdge/lib/mono/unityjit'
Mono config path = 'C:/Program Files/Unity/Hub/Editor/2020.2.4f1/Editor/Data/MonoBleedingEdge/etc'
Using monoOptions --debugger-agent=transport=dt_socket,embedding=1,server=y,suspend=n,address=127.0.0.1:56928
Begin MonoManager ReloadAssembly
Registering precompiled unity dll's ...
Register platform support module: C:/Program Files/Unity/Hub/Editor/2020.2.4f1/Editor/Data/PlaybackEngines/WindowsStandaloneSupport/UnityEditor.WindowsStandalone.Extensions.dll
Registered in 0.003182 seconds.
Native extension for WindowsStandalone target not found
Refreshing native plugins compatible for Editor in 30.19 ms, found 0 plugins.
Preloading 0 native plugins for Editor in 0.00 ms.
Invoked RoslynAnalysisRunner static constructor.
RoslynAnalysisRunner will not be running.
RoslynAnalysisRunner has terminated.
Mono: successfully reloaded assembly
- Completed reload, in  1.470 seconds
Platform modules already initialized, skipping
Registering precompiled user dll's ...
Registered in 0.001517 seconds.
Begin MonoManager ReloadAssembly
Native extension for WindowsStandalone target not found
Refreshing native plugins compatible for Editor in 0.23 ms, found 0 plugins.
Preloading 0 native plugins for Editor in 0.00 ms.
Invoked RoslynAnalysisRunner static constructor.
RoslynAnalysisRunner will not be running.
RoslynAnalysisRunner has terminated.
Mono: successfully reloaded assembly
- Completed reload, in  1.070 seconds
Platform modules already initialized, skipping
========================================================================
Worker process is ready to serve import requests
Launched and connected shader compiler UnityShaderCompiler.exe after 0.08 seconds
Refreshing native plugins compatible for Editor in 0.25 ms, found 0 plugins.
Preloading 0 native plugins for Editor in 0.00 ms.
Unloading 1104 Unused Serialized files (Serialized files now loaded: 0)
System memory in use before: 56.8 MB.
System memory in use after: 56.8 MB.

Unloading 10 unused Assets to reduce memory usage. Loaded Objects now: 1545.
Total: 2.391600 ms (FindLiveObjects: 0.300000 ms CreateObjectMapping: 0.109900 ms MarkObjects: 1.894300 ms  DeleteObjects: 0.086200 ms)

========================================================================
Received Import Request.
  path: Assets
  artifactKey: Guid(00000000000000001000000000000000) Importer(815301076,1909f56bfc062723c751e8b465ee728b)
Start importing Assets using Guid(00000000000000001000000000000000) Importer(815301076,1909f56bfc062723c751e8b465ee728b)  -> (artifact id: 'edc3feb264a98656617d3c2cb59c8f16') in 0.013627 seconds
  Import took 0.017223 seconds .

========================================================================
Received Import Request.
  Time since last request: 0.424909 seconds.
  path: Assets/Materials
  artifactKey: Guid(57e94c43e3d2c6e4bad3ebe6754857c3) Importer(815301076,1909f56bfc062723c751e8b465ee728b)
Start importing Assets/Materials using Guid(57e94c43e3d2c6e4bad3ebe6754857c3) Importer(815301076,1909f56bfc062723c751e8b465ee728b)  -> (artifact id: '9d6045dd6819cc6e87bdda57f6481bd3') in 0.010527 seconds
  Import took 0.015207 seconds .

========================================================================
Received Import Request.
  Time since last request: 0.000923 seconds.
  path: Assets/Materials
  artifactKey: Guid(57e94c43e3d2c6e4bad3ebe6754857c3) Importer(815301076,1909f56bfc062723c751e8b465ee728b)
Start importing Assets/Materials using Guid(57e94c43e3d2c6e4bad3ebe6754857c3) Importer(815301076,1909f56bfc062723c751e8b465ee728b)  -> (artifact id: '9d6045dd6819cc6e87bdda57f6481bd3') in 0.004313 seconds
  Import took 0.008167 seconds .

========================================================================
Received Import Request.
  Time since last request: 11.082326 seconds.
  path: Assets/Materials/COlor.mat
  artifactKey: Guid(ef44fce13b9834d40b60e16a3e20afce) Importer(815301076,1909f56bfc062723c751e8b465ee728b)
Start importing Assets/Materials/COlor.mat using Guid(ef44fce13b9834d40b60e16a3e20afce) Importer(815301076,1909f56bfc062723c751e8b465ee728b)  -> (artifact id: '38cdb0e328bb7f32df73e2a74f519044') in 0.170819 seconds
  Import took 0.173923 seconds .

========================================================================
Received Prepare
Registering precompiled user dll's ...
Registered in 0.000908 seconds.
Begin MonoManager ReloadAssembly
Native extension for WindowsStandalone target not found
Refreshing native plugins compatible for Editor in 0.28 ms, found 0 plugins.
Preloading 0 native plugins for Editor in 0.00 ms.
Invoked RoslynAnalysisRunner static constructor.
RoslynAnalysisRunner will not be running.
RoslynAnalysisRunner has terminated.
Mono: successfully reloaded assembly
- Completed reload, in  1.012 seconds
Platform modules already initialized, skipping
Refreshing native plugins compatible for Editor in 0.23 ms, found 0 plugins.
Preloading 0 native plugins for Editor in 0.00 ms.
Unloading 1099 Unused Serialized files (Serialized files now loaded: 0)
System memory in use before: 60.0 MB.
System memory in use after: 60.1 MB.

Unloading 5 unused Assets to reduce memory usage. Loaded Objects now: 1587.
Total: 5.230200 ms (FindLiveObjects: 0.347800 ms CreateObjectMapping: 0.110200 ms MarkObjects: 4.633700 ms  DeleteObjects: 0.135400 ms)

========================================================================
Received Import Request.
  Time since last request: 297.781674 seconds.
  path: Assets/Player.prefab
  artifactKey: Guid(22340b2d40354b1428a98808fb5c1e3f) Importer(815301076,1909f56bfc062723c751e8b465ee728b)
Start importing Assets/Player.prefab using Guid(22340b2d40354b1428a98808fb5c1e3f) Importer(815301076,1909f56bfc062723c751e8b465ee728b)  -> (artifact id: '5e7edcfbef7fb77e9072665973886fcb') in 0.087199 seconds
  Import took 0.091116 seconds .

========================================================================
Received Prepare
Registering precompiled user dll's ...
Registered in 0.001752 seconds.
Begin MonoManager ReloadAssembly
Native extension for WindowsStandalone target not found
Refreshing native plugins compatible for Editor in 0.29 ms, found 0 plugins.
Preloading 0 native plugins for Editor in 0.00 ms.
Invoked RoslynAnalysisRunner static constructor.
RoslynAnalysisRunner will not be running.
RoslynAnalysisRunner has terminated.
Mono: successfully reloaded assembly
- Completed reload, in  1.007 seconds
Platform modules already initialized, skipping
Refreshing native plugins compatible for Editor in 0.22 ms, found 0 plugins.
Preloading 0 native plugins for Editor in 0.00 ms.
Unloading 1099 Unused Serialized files (Serialized files now loaded: 0)
System memory in use before: 60.1 MB.
System memory in use after: 60.2 MB.

Unloading 5 unused Assets to reduce memory usage. Loaded Objects now: 1591.
Total: 5.270200 ms (FindLiveObjects: 0.184200 ms CreateObjectMapping: 0.042200 ms MarkObjects: 4.811900 ms  DeleteObjects: 0.229900 ms)

========================================================================
Received Prepare
Refreshing native plugins compatible for Editor in 7.71 ms, found 0 plugins.
Preloading 0 native plugins for Editor in 0.00 ms.
Unloading 3 Unused Serialized files (Serialized files now loaded: 0)
System memory in use before: 38.4 MB.
System memory in use after: 38.5 MB.

Unloading 3 unused Assets to reduce memory usage. Loaded Objects now: 1591.
Total: 9.495200 ms (FindLiveObjects: 0.139700 ms CreateObjectMapping: 0.041100 ms MarkObjects: 9.121600 ms  DeleteObjects: 0.191600 ms)

AssetImportWorkerClient::OnTransportError - code=2 error=End of file
